Performing C SOURCE FILE Test C_TEST_COMPILED failed with the following output:
Change Dir: /Users/edward.shi/project/AOM/aom/build_xcode/CMakeFiles/CMakeTmp

Run Build Command:"/usr/bin/xcodebuild" "-project" "CMAKE_TRY_COMPILE.xcodeproj" "build" "-target" "cmTC_8b079" "-configuration" "Debug"
=== BUILD TARGET cmTC_8b079 OF PROJECT CMAKE_TRY_COMPILE WITH CONFIGURATION Debug ===

Check dependencies

Write auxiliary files
/bin/mkdir -p /Users/edward.shi/project/AOM/aom/build_xcode/CMakeFiles/CMakeTmp/CMAKE_TRY_COMPILE.build/Debug/cmTC_8b079.build/Objects-normal/x86_64
write-file /Users/edward.shi/project/AOM/aom/build_xcode/CMakeFiles/CMakeTmp/CMAKE_TRY_COMPILE.build/Debug/cmTC_8b079.build/Objects-normal/x86_64/cmTC_8b079.LinkFileList

CompileC CMAKE_TRY_COMPILE.build/Debug/cmTC_8b079.build/Objects-normal/x86_64/src.o src.c normal x86_64 c com.apple.compilers.llvm.clang.1_0.compiler
    cd /Users/edward.shi/project/AOM/aom/build_xcode/CMakeFiles/CMakeTmp
    export LANG=en_US.US-ASCII
    /Applications/Xcode.app/Contents/Developer/Toolchains/XcodeDefault.xctoolchain/usr/bin/clang -x c -arch x86_64 -fmessage-length=0 -fdiagnostics-show-note-include-stack -fmacro-backtrace-limit=0 -Wno-trigraphs -fpascal-strings -O0 -Wno-missing-field-initializers -Wno-missing-prototypes -Wno-return-type -Wno-missing-braces -Wparentheses -Wswitch -Wno-unused-function -Wno-unused-label -Wno-unused-parameter -Wno-unused-variable -Wunused-value -Wno-empty-body -Wno-uninitialized -Wno-unknown-pragmas -Wno-shadow -Wno-four-char-constants -Wno-conversion -Wno-constant-conversion -Wno-int-conversion -Wno-bool-conversion -Wno-enum-conversion -Wno-float-conversion -Wno-non-literal-null-conversion -Wno-objc-literal-conversion -Wno-shorten-64-to-32 -Wpointer-sign -Wno-newline-eof -DCMAKE_INTDIR=\"Debug\" -isysroot /Applications/Xcode.app/Contents/Developer/Platforms/MacOSX.platform/Developer/SDKs/MacOSX10.13.sdk -fasm-blocks -fstrict-aliasing -Wdeprecated-declarations -mmacosx-version-min=10.13 -g -Wno-sign-conversion -Wno-infinite-recursion -Wno-comma -Wno-block-capture-autoreleasing -Wno-strict-prototypes -I/Users/edward.shi/project/AOM/aom/build_xcode/CMakeFiles/CMakeTmp/Debug/include -I/Users/edward.shi/project/AOM/aom/build_xcode/CMakeFiles/CMakeTmp/CMAKE_TRY_COMPILE.build/Debug/cmTC_8b079.build/DerivedSources/x86_64 -I/Users/edward.shi/project/AOM/aom/build_xcode/CMakeFiles/CMakeTmp/CMAKE_TRY_COMPILE.build/Debug/cmTC_8b079.build/DerivedSources -Wmost -Wno-four-char-constants -Wno-unknown-pragmas -F/Users/edward.shi/project/AOM/aom/build_xcode/CMakeFiles/CMakeTmp/Debug -DC_TEST_COMPILED -MMD -MT dependencies -MF /Users/edward.shi/project/AOM/aom/build_xcode/CMakeFiles/CMakeTmp/CMAKE_TRY_COMPILE.build/Debug/cmTC_8b079.build/Objects-normal/x86_64/src.d --serialize-diagnostics /Users/edward.shi/project/AOM/aom/build_xcode/CMakeFiles/CMakeTmp/CMAKE_TRY_COMPILE.build/Debug/cmTC_8b079.build/Objects-normal/x86_64/src.dia -c /Users/edward.shi/project/AOM/aom/build_xcode/CMakeFiles/CMakeTmp/src.c -o /Users/edward.shi/project/AOM/aom/build_xcode/CMakeFiles/CMakeTmp/CMAKE_TRY_COMPILE.build/Debug/cmTC_8b079.build/Objects-normal/x86_64/src.o
/Users/edward.shi/project/AOM/aom/build_xcode/CMakeFiles/CMakeTmp/src.c:5:33: warning: implicit declaration of function 'feenableexcept' is invalid in C99 [-Wimplicit-function-declaration]
                          (void)feenableexcept(FE_DIVBYZERO | FE_INVALID);
                                ^
1 warning generated.

Ld Debug/cmTC_8b079 normal x86_64
    cd /Users/edward.shi/project/AOM/aom/build_xcode/CMakeFiles/CMakeTmp
    export MACOSX_DEPLOYMENT_TARGET=10.13
    /Applications/Xcode.app/Contents/Developer/Toolchains/XcodeDefault.xctoolchain/usr/bin/clang -arch x86_64 -isysroot /Applications/Xcode.app/Contents/Developer/Platforms/MacOSX.platform/Developer/SDKs/MacOSX10.13.sdk -L/Users/edward.shi/project/AOM/aom/build_xcode/CMakeFiles/CMakeTmp/Debug -F/Users/edward.shi/project/AOM/aom/build_xcode/CMakeFiles/CMakeTmp/Debug -filelist /Users/edward.shi/project/AOM/aom/build_xcode/CMakeFiles/CMakeTmp/CMAKE_TRY_COMPILE.build/Debug/cmTC_8b079.build/Objects-normal/x86_64/cmTC_8b079.LinkFileList -mmacosx-version-min=10.13 -Xlinker -object_path_lto -Xlinker /Users/edward.shi/project/AOM/aom/build_xcode/CMakeFiles/CMakeTmp/CMAKE_TRY_COMPILE.build/Debug/cmTC_8b079.build/Objects-normal/x86_64/cmTC_8b079_lto.o -Xlinker -no_deduplicate -Wl,-search_paths_first -Wl,-headerpad_max_install_names -lm -Xlinker -dependency_info -Xlinker /Users/edward.shi/project/AOM/aom/build_xcode/CMakeFiles/CMakeTmp/CMAKE_TRY_COMPILE.build/Debug/cmTC_8b079.build/Objects-normal/x86_64/cmTC_8b079_dependency_info.dat -o /Users/edward.shi/project/AOM/aom/build_xcode/CMakeFiles/CMakeTmp/Debug/cmTC_8b079
Undefined symbols for architecture x86_64:
  "_feenableexcept", referenced from:
      _unused in src.o
ld: symbol(s) not found for architecture x86_64
clang: error: linker command failed with exit code 1 (use -v to see invocation)

** BUILD FAILED **


The following build commands failed:
	Ld Debug/cmTC_8b079 normal x86_64
(1 failure)

Source file was:
#define _GNU_SOURCE
                        #include <fenv.h>
                        void unused(void) {
                          (void)unused;
                          (void)feenableexcept(FE_DIVBYZERO | FE_INVALID);
                        } 
int main(void) { return 0; }
Performing C SOURCE FILE Test C_FLAG_SUPPORTED failed with the following output:
Change Dir: /Users/edward.shi/project/AOM/aom/build_xcode/CMakeFiles/CMakeTmp

Run Build Command:"/usr/bin/xcodebuild" "-project" "CMAKE_TRY_COMPILE.xcodeproj" "build" "-target" "cmTC_5a44e" "-configuration" "Debug"
=== BUILD TARGET cmTC_5a44e OF PROJECT CMAKE_TRY_COMPILE WITH CONFIGURATION Debug ===

Check dependencies

Write auxiliary files
/bin/mkdir -p /Users/edward.shi/project/AOM/aom/build_xcode/CMakeFiles/CMakeTmp/CMAKE_TRY_COMPILE.build/Debug/cmTC_5a44e.build/Objects-normal/x86_64
write-file /Users/edward.shi/project/AOM/aom/build_xcode/CMakeFiles/CMakeTmp/CMAKE_TRY_COMPILE.build/Debug/cmTC_5a44e.build/Objects-normal/x86_64/cmTC_5a44e.LinkFileList

CompileC CMAKE_TRY_COMPILE.build/Debug/cmTC_5a44e.build/Objects-normal/x86_64/src.o src.c normal x86_64 c com.apple.compilers.llvm.clang.1_0.compiler
    cd /Users/edward.shi/project/AOM/aom/build_xcode/CMakeFiles/CMakeTmp
    export LANG=en_US.US-ASCII
    /Applications/Xcode.app/Contents/Developer/Toolchains/XcodeDefault.xctoolchain/usr/bin/clang -x c -arch x86_64 -fmessage-length=0 -fdiagnostics-show-note-include-stack -fmacro-backtrace-limit=0 -Wno-trigraphs -fpascal-strings -O0 -Wno-missing-field-initializers -Wno-missing-prototypes -Wno-return-type -Wno-missing-braces -Wparentheses -Wswitch -Wno-unused-function -Wno-unused-label -Wno-unused-parameter -Wno-unused-variable -Wunused-value -Wno-empty-body -Wno-uninitialized -Wno-unknown-pragmas -Wno-shadow -Wno-four-char-constants -Wno-conversion -Wno-constant-conversion -Wno-int-conversion -Wno-bool-conversion -Wno-enum-conversion -Wno-float-conversion -Wno-non-literal-null-conversion -Wno-objc-literal-conversion -Wno-shorten-64-to-32 -Wpointer-sign -Wno-newline-eof -DCMAKE_INTDIR=\"Debug\" -isysroot /Applications/Xcode.app/Contents/Developer/Platforms/MacOSX.platform/Developer/SDKs/MacOSX10.13.sdk -fasm-blocks -fstrict-aliasing -Wdeprecated-declarations -mmacosx-version-min=10.13 -g -Wno-sign-conversion -Wno-infinite-recursion -Wno-comma -Wno-block-capture-autoreleasing -Wno-strict-prototypes -I/Users/edward.shi/project/AOM/aom/build_xcode/CMakeFiles/CMakeTmp/Debug/include -I/Users/edward.shi/project/AOM/aom/build_xcode/CMakeFiles/CMakeTmp/CMAKE_TRY_COMPILE.build/Debug/cmTC_5a44e.build/DerivedSources/x86_64 -I/Users/edward.shi/project/AOM/aom/build_xcode/CMakeFiles/CMakeTmp/CMAKE_TRY_COMPILE.build/Debug/cmTC_5a44e.build/DerivedSources -Wmost -Wno-four-char-constants -Wno-unknown-pragmas -F/Users/edward.shi/project/AOM/aom/build_xcode/CMakeFiles/CMakeTmp/Debug -DC_FLAG_SUPPORTED -Wlogical-op -MMD -MT dependencies -MF /Users/edward.shi/project/AOM/aom/build_xcode/CMakeFiles/CMakeTmp/CMAKE_TRY_COMPILE.build/Debug/cmTC_5a44e.build/Objects-normal/x86_64/src.d --serialize-diagnostics /Users/edward.shi/project/AOM/aom/build_xcode/CMakeFiles/CMakeTmp/CMAKE_TRY_COMPILE.build/Debug/cmTC_5a44e.build/Objects-normal/x86_64/src.dia -c /Users/edward.shi/project/AOM/aom/build_xcode/CMakeFiles/CMakeTmp/src.c -o /Users/edward.shi/project/AOM/aom/build_xcode/CMakeFiles/CMakeTmp/CMAKE_TRY_COMPILE.build/Debug/cmTC_5a44e.build/Objects-normal/x86_64/src.o
warning: unknown warning option '-Wlogical-op'; did you mean '-Wlong-long'? [-Wunknown-warning-option]
1 warning generated.

Ld Debug/cmTC_5a44e normal x86_64
    cd /Users/edward.shi/project/AOM/aom/build_xcode/CMakeFiles/CMakeTmp
    export MACOSX_DEPLOYMENT_TARGET=10.13
    /Applications/Xcode.app/Contents/Developer/Toolchains/XcodeDefault.xctoolchain/usr/bin/clang -arch x86_64 -isysroot /Applications/Xcode.app/Contents/Developer/Platforms/MacOSX.platform/Developer/SDKs/MacOSX10.13.sdk -L/Users/edward.shi/project/AOM/aom/build_xcode/CMakeFiles/CMakeTmp/Debug -F/Users/edward.shi/project/AOM/aom/build_xcode/CMakeFiles/CMakeTmp/Debug -filelist /Users/edward.shi/project/AOM/aom/build_xcode/CMakeFiles/CMakeTmp/CMAKE_TRY_COMPILE.build/Debug/cmTC_5a44e.build/Objects-normal/x86_64/cmTC_5a44e.LinkFileList -mmacosx-version-min=10.13 -Xlinker -object_path_lto -Xlinker /Users/edward.shi/project/AOM/aom/build_xcode/CMakeFiles/CMakeTmp/CMAKE_TRY_COMPILE.build/Debug/cmTC_5a44e.build/Objects-normal/x86_64/cmTC_5a44e_lto.o -Xlinker -no_deduplicate -Wl,-search_paths_first -Wl,-headerpad_max_install_names -lm -Xlinker -dependency_info -Xlinker /Users/edward.shi/project/AOM/aom/build_xcode/CMakeFiles/CMakeTmp/CMAKE_TRY_COMPILE.build/Debug/cmTC_5a44e.build/Objects-normal/x86_64/cmTC_5a44e_dependency_info.dat -o /Users/edward.shi/project/AOM/aom/build_xcode/CMakeFiles/CMakeTmp/Debug/cmTC_5a44e

** BUILD SUCCEEDED **


Source file was:
int main(void) { return 0; }
Performing C++ SOURCE FILE Test CXX_FLAG_SUPPORTED failed with the following output:
Change Dir: /Users/edward.shi/project/AOM/aom/build_xcode/CMakeFiles/CMakeTmp

Run Build Command:"/usr/bin/xcodebuild" "-project" "CMAKE_TRY_COMPILE.xcodeproj" "build" "-target" "cmTC_4b52b" "-configuration" "Debug"
=== BUILD TARGET cmTC_4b52b OF PROJECT CMAKE_TRY_COMPILE WITH CONFIGURATION Debug ===

Check dependencies

Write auxiliary files
/bin/mkdir -p /Users/edward.shi/project/AOM/aom/build_xcode/CMakeFiles/CMakeTmp/CMAKE_TRY_COMPILE.build/Debug/cmTC_4b52b.build/Objects-normal/x86_64
write-file /Users/edward.shi/project/AOM/aom/build_xcode/CMakeFiles/CMakeTmp/CMAKE_TRY_COMPILE.build/Debug/cmTC_4b52b.build/Objects-normal/x86_64/cmTC_4b52b.LinkFileList

CompileC CMAKE_TRY_COMPILE.build/Debug/cmTC_4b52b.build/Objects-normal/x86_64/src.o src.cxx normal x86_64 c++ com.apple.compilers.llvm.clang.1_0.compiler
    cd /Users/edward.shi/project/AOM/aom/build_xcode/CMakeFiles/CMakeTmp
    export LANG=en_US.US-ASCII
    /Applications/Xcode.app/Contents/Developer/Toolchains/XcodeDefault.xctoolchain/usr/bin/clang -x c++ -arch x86_64 -fmessage-length=0 -fdiagnostics-show-note-include-stack -fmacro-backtrace-limit=0 -Wno-trigraphs -fpascal-strings -O0 -Wno-missing-field-initializers -Wno-missing-prototypes -Wno-return-type -Wno-non-virtual-dtor -Wno-overloaded-virtual -Wno-exit-time-destructors -Wno-missing-braces -Wparentheses -Wswitch -Wno-unused-function -Wno-unused-label -Wno-unused-parameter -Wno-unused-variable -Wunused-value -Wno-empty-body -Wno-uninitialized -Wno-unknown-pragmas -Wno-shadow -Wno-four-char-constants -Wno-conversion -Wno-constant-conversion -Wno-int-conversion -Wno-bool-conversion -Wno-enum-conversion -Wno-float-conversion -Wno-non-literal-null-conversion -Wno-objc-literal-conversion -Wno-shorten-64-to-32 -Wno-newline-eof -Wno-c++11-extensions -DCMAKE_INTDIR=\"Debug\" -isysroot /Applications/Xcode.app/Contents/Developer/Platforms/MacOSX.platform/Developer/SDKs/MacOSX10.13.sdk -fasm-blocks -fstrict-aliasing -Wdeprecated-declarations -Winvalid-offsetof -mmacosx-version-min=10.13 -g -Wno-sign-conversion -Wno-infinite-recursion -Wno-move -Wno-comma -Wno-block-capture-autoreleasing -Wno-strict-prototypes -Wno-range-loop-analysis -I/Users/edward.shi/project/AOM/aom/build_xcode/CMakeFiles/CMakeTmp/Debug/include -I/Users/edward.shi/project/AOM/aom/build_xcode/CMakeFiles/CMakeTmp/CMAKE_TRY_COMPILE.build/Debug/cmTC_4b52b.build/DerivedSources/x86_64 -I/Users/edward.shi/project/AOM/aom/build_xcode/CMakeFiles/CMakeTmp/CMAKE_TRY_COMPILE.build/Debug/cmTC_4b52b.build/DerivedSources -Wmost -Wno-four-char-constants -Wno-unknown-pragmas -F/Users/edward.shi/project/AOM/aom/build_xcode/CMakeFiles/CMakeTmp/Debug -DCXX_FLAG_SUPPORTED -Wlogical-op -MMD -MT dependencies -MF /Users/edward.shi/project/AOM/aom/build_xcode/CMakeFiles/CMakeTmp/CMAKE_TRY_COMPILE.build/Debug/cmTC_4b52b.build/Objects-normal/x86_64/src.d --serialize-diagnostics /Users/edward.shi/project/AOM/aom/build_xcode/CMakeFiles/CMakeTmp/CMAKE_TRY_COMPILE.build/Debug/cmTC_4b52b.build/Objects-normal/x86_64/src.dia -c /Users/edward.shi/project/AOM/aom/build_xcode/CMakeFiles/CMakeTmp/src.cxx -o /Users/edward.shi/project/AOM/aom/build_xcode/CMakeFiles/CMakeTmp/CMAKE_TRY_COMPILE.build/Debug/cmTC_4b52b.build/Objects-normal/x86_64/src.o
warning: unknown warning option '-Wlogical-op'; did you mean '-Wlong-long'? [-Wunknown-warning-option]
1 warning generated.

Ld Debug/cmTC_4b52b normal x86_64
    cd /Users/edward.shi/project/AOM/aom/build_xcode/CMakeFiles/CMakeTmp
    export MACOSX_DEPLOYMENT_TARGET=10.13
    /Applications/Xcode.app/Contents/Developer/Toolchains/XcodeDefault.xctoolchain/usr/bin/clang++ -arch x86_64 -isysroot /Applications/Xcode.app/Contents/Developer/Platforms/MacOSX.platform/Developer/SDKs/MacOSX10.13.sdk -L/Users/edward.shi/project/AOM/aom/build_xcode/CMakeFiles/CMakeTmp/Debug -F/Users/edward.shi/project/AOM/aom/build_xcode/CMakeFiles/CMakeTmp/Debug -filelist /Users/edward.shi/project/AOM/aom/build_xcode/CMakeFiles/CMakeTmp/CMAKE_TRY_COMPILE.build/Debug/cmTC_4b52b.build/Objects-normal/x86_64/cmTC_4b52b.LinkFileList -mmacosx-version-min=10.13 -Xlinker -object_path_lto -Xlinker /Users/edward.shi/project/AOM/aom/build_xcode/CMakeFiles/CMakeTmp/CMAKE_TRY_COMPILE.build/Debug/cmTC_4b52b.build/Objects-normal/x86_64/cmTC_4b52b_lto.o -Xlinker -no_deduplicate -Wl,-search_paths_first -Wl,-headerpad_max_install_names -lm -Xlinker -dependency_info -Xlinker /Users/edward.shi/project/AOM/aom/build_xcode/CMakeFiles/CMakeTmp/CMAKE_TRY_COMPILE.build/Debug/cmTC_4b52b.build/Objects-normal/x86_64/cmTC_4b52b_dependency_info.dat -o /Users/edward.shi/project/AOM/aom/build_xcode/CMakeFiles/CMakeTmp/Debug/cmTC_4b52b

** BUILD SUCCEEDED **


Source file was:
int main() { return 0; }
Performing C SOURCE FILE Test C_FLAG_SUPPORTED failed with the following output:
Change Dir: /Users/edward.shi/project/AOM/aom/build_xcode/CMakeFiles/CMakeTmp

Run Build Command:"/usr/bin/xcodebuild" "-project" "CMAKE_TRY_COMPILE.xcodeproj" "build" "-target" "cmTC_d98a8" "-configuration" "Debug"
=== BUILD TARGET cmTC_d98a8 OF PROJECT CMAKE_TRY_COMPILE WITH CONFIGURATION Debug ===

Check dependencies

Write auxiliary files
/bin/mkdir -p /Users/edward.shi/project/AOM/aom/build_xcode/CMakeFiles/CMakeTmp/CMAKE_TRY_COMPILE.build/Debug/cmTC_d98a8.build/Objects-normal/x86_64
write-file /Users/edward.shi/project/AOM/aom/build_xcode/CMakeFiles/CMakeTmp/CMAKE_TRY_COMPILE.build/Debug/cmTC_d98a8.build/Objects-normal/x86_64/cmTC_d98a8.LinkFileList

CompileC CMAKE_TRY_COMPILE.build/Debug/cmTC_d98a8.build/Objects-normal/x86_64/src.o src.c normal x86_64 c com.apple.compilers.llvm.clang.1_0.compiler
    cd /Users/edward.shi/project/AOM/aom/build_xcode/CMakeFiles/CMakeTmp
    export LANG=en_US.US-ASCII
    /Applications/Xcode.app/Contents/Developer/Toolchains/XcodeDefault.xctoolchain/usr/bin/clang -x c -arch x86_64 -fmessage-length=0 -fdiagnostics-show-note-include-stack -fmacro-backtrace-limit=0 -Wno-trigraphs -fpascal-strings -O0 -Wno-missing-field-initializers -Wno-missing-prototypes -Wno-return-type -Wno-missing-braces -Wparentheses -Wswitch -Wno-unused-function -Wno-unused-label -Wno-unused-parameter -Wno-unused-variable -Wunused-value -Wno-empty-body -Wno-uninitialized -Wno-unknown-pragmas -Wno-shadow -Wno-four-char-constants -Wno-conversion -Wno-constant-conversion -Wno-int-conversion -Wno-bool-conversion -Wno-enum-conversion -Wno-float-conversion -Wno-non-literal-null-conversion -Wno-objc-literal-conversion -Wno-shorten-64-to-32 -Wpointer-sign -Wno-newline-eof -DCMAKE_INTDIR=\"Debug\" -isysroot /Applications/Xcode.app/Contents/Developer/Platforms/MacOSX.platform/Developer/SDKs/MacOSX10.13.sdk -fasm-blocks -fstrict-aliasing -Wdeprecated-declarations -mmacosx-version-min=10.13 -g -Wno-sign-conversion -Wno-infinite-recursion -Wno-comma -Wno-block-capture-autoreleasing -Wno-strict-prototypes -I/Users/edward.shi/project/AOM/aom/build_xcode/CMakeFiles/CMakeTmp/Debug/include -I/Users/edward.shi/project/AOM/aom/build_xcode/CMakeFiles/CMakeTmp/CMAKE_TRY_COMPILE.build/Debug/cmTC_d98a8.build/DerivedSources/x86_64 -I/Users/edward.shi/project/AOM/aom/build_xcode/CMakeFiles/CMakeTmp/CMAKE_TRY_COMPILE.build/Debug/cmTC_d98a8.build/DerivedSources -Wmost -Wno-four-char-constants -Wno-unknown-pragmas -F/Users/edward.shi/project/AOM/aom/build_xcode/CMakeFiles/CMakeTmp/Debug -DC_FLAG_SUPPORTED -Wstack-usage=320000 -MMD -MT dependencies -MF /Users/edward.shi/project/AOM/aom/build_xcode/CMakeFiles/CMakeTmp/CMAKE_TRY_COMPILE.build/Debug/cmTC_d98a8.build/Objects-normal/x86_64/src.d --serialize-diagnostics /Users/edward.shi/project/AOM/aom/build_xcode/CMakeFiles/CMakeTmp/CMAKE_TRY_COMPILE.build/Debug/cmTC_d98a8.build/Objects-normal/x86_64/src.dia -c /Users/edward.shi/project/AOM/aom/build_xcode/CMakeFiles/CMakeTmp/src.c -o /Users/edward.shi/project/AOM/aom/build_xcode/CMakeFiles/CMakeTmp/CMAKE_TRY_COMPILE.build/Debug/cmTC_d98a8.build/Objects-normal/x86_64/src.o
warning: unknown warning option '-Wstack-usage=320000' [-Wunknown-warning-option]
1 warning generated.

Ld Debug/cmTC_d98a8 normal x86_64
    cd /Users/edward.shi/project/AOM/aom/build_xcode/CMakeFiles/CMakeTmp
    export MACOSX_DEPLOYMENT_TARGET=10.13
    /Applications/Xcode.app/Contents/Developer/Toolchains/XcodeDefault.xctoolchain/usr/bin/clang -arch x86_64 -isysroot /Applications/Xcode.app/Contents/Developer/Platforms/MacOSX.platform/Developer/SDKs/MacOSX10.13.sdk -L/Users/edward.shi/project/AOM/aom/build_xcode/CMakeFiles/CMakeTmp/Debug -F/Users/edward.shi/project/AOM/aom/build_xcode/CMakeFiles/CMakeTmp/Debug -filelist /Users/edward.shi/project/AOM/aom/build_xcode/CMakeFiles/CMakeTmp/CMAKE_TRY_COMPILE.build/Debug/cmTC_d98a8.build/Objects-normal/x86_64/cmTC_d98a8.LinkFileList -mmacosx-version-min=10.13 -Xlinker -object_path_lto -Xlinker /Users/edward.shi/project/AOM/aom/build_xcode/CMakeFiles/CMakeTmp/CMAKE_TRY_COMPILE.build/Debug/cmTC_d98a8.build/Objects-normal/x86_64/cmTC_d98a8_lto.o -Xlinker -no_deduplicate -Wl,-search_paths_first -Wl,-headerpad_max_install_names -lm -Xlinker -dependency_info -Xlinker /Users/edward.shi/project/AOM/aom/build_xcode/CMakeFiles/CMakeTmp/CMAKE_TRY_COMPILE.build/Debug/cmTC_d98a8.build/Objects-normal/x86_64/cmTC_d98a8_dependency_info.dat -o /Users/edward.shi/project/AOM/aom/build_xcode/CMakeFiles/CMakeTmp/Debug/cmTC_d98a8

** BUILD SUCCEEDED **


Source file was:
int main(void) { return 0; }
Performing C++ SOURCE FILE Test CXX_FLAG_SUPPORTED failed with the following output:
Change Dir: /Users/edward.shi/project/AOM/aom/build_xcode/CMakeFiles/CMakeTmp

Run Build Command:"/usr/bin/xcodebuild" "-project" "CMAKE_TRY_COMPILE.xcodeproj" "build" "-target" "cmTC_6ec38" "-configuration" "Debug"
=== BUILD TARGET cmTC_6ec38 OF PROJECT CMAKE_TRY_COMPILE WITH CONFIGURATION Debug ===

Check dependencies

Write auxiliary files
/bin/mkdir -p /Users/edward.shi/project/AOM/aom/build_xcode/CMakeFiles/CMakeTmp/CMAKE_TRY_COMPILE.build/Debug/cmTC_6ec38.build/Objects-normal/x86_64
write-file /Users/edward.shi/project/AOM/aom/build_xcode/CMakeFiles/CMakeTmp/CMAKE_TRY_COMPILE.build/Debug/cmTC_6ec38.build/Objects-normal/x86_64/cmTC_6ec38.LinkFileList

CompileC CMAKE_TRY_COMPILE.build/Debug/cmTC_6ec38.build/Objects-normal/x86_64/src.o src.cxx normal x86_64 c++ com.apple.compilers.llvm.clang.1_0.compiler
    cd /Users/edward.shi/project/AOM/aom/build_xcode/CMakeFiles/CMakeTmp
    export LANG=en_US.US-ASCII
    /Applications/Xcode.app/Contents/Developer/Toolchains/XcodeDefault.xctoolchain/usr/bin/clang -x c++ -arch x86_64 -fmessage-length=0 -fdiagnostics-show-note-include-stack -fmacro-backtrace-limit=0 -Wno-trigraphs -fpascal-strings -O0 -Wno-missing-field-initializers -Wno-missing-prototypes -Wno-return-type -Wno-non-virtual-dtor -Wno-overloaded-virtual -Wno-exit-time-destructors -Wno-missing-braces -Wparentheses -Wswitch -Wno-unused-function -Wno-unused-label -Wno-unused-parameter -Wno-unused-variable -Wunused-value -Wno-empty-body -Wno-uninitialized -Wno-unknown-pragmas -Wno-shadow -Wno-four-char-constants -Wno-conversion -Wno-constant-conversion -Wno-int-conversion -Wno-bool-conversion -Wno-enum-conversion -Wno-float-conversion -Wno-non-literal-null-conversion -Wno-objc-literal-conversion -Wno-shorten-64-to-32 -Wno-newline-eof -Wno-c++11-extensions -DCMAKE_INTDIR=\"Debug\" -isysroot /Applications/Xcode.app/Contents/Developer/Platforms/MacOSX.platform/Developer/SDKs/MacOSX10.13.sdk -fasm-blocks -fstrict-aliasing -Wdeprecated-declarations -Winvalid-offsetof -mmacosx-version-min=10.13 -g -Wno-sign-conversion -Wno-infinite-recursion -Wno-move -Wno-comma -Wno-block-capture-autoreleasing -Wno-strict-prototypes -Wno-range-loop-analysis -I/Users/edward.shi/project/AOM/aom/build_xcode/CMakeFiles/CMakeTmp/Debug/include -I/Users/edward.shi/project/AOM/aom/build_xcode/CMakeFiles/CMakeTmp/CMAKE_TRY_COMPILE.build/Debug/cmTC_6ec38.build/DerivedSources/x86_64 -I/Users/edward.shi/project/AOM/aom/build_xcode/CMakeFiles/CMakeTmp/CMAKE_TRY_COMPILE.build/Debug/cmTC_6ec38.build/DerivedSources -Wmost -Wno-four-char-constants -Wno-unknown-pragmas -F/Users/edward.shi/project/AOM/aom/build_xcode/CMakeFiles/CMakeTmp/Debug -DCXX_FLAG_SUPPORTED -Wstack-usage=320000 -MMD -MT dependencies -MF /Users/edward.shi/project/AOM/aom/build_xcode/CMakeFiles/CMakeTmp/CMAKE_TRY_COMPILE.build/Debug/cmTC_6ec38.build/Objects-normal/x86_64/src.d --serialize-diagnostics /Users/edward.shi/project/AOM/aom/build_xcode/CMakeFiles/CMakeTmp/CMAKE_TRY_COMPILE.build/Debug/cmTC_6ec38.build/Objects-normal/x86_64/src.dia -c /Users/edward.shi/project/AOM/aom/build_xcode/CMakeFiles/CMakeTmp/src.cxx -o /Users/edward.shi/project/AOM/aom/build_xcode/CMakeFiles/CMakeTmp/CMAKE_TRY_COMPILE.build/Debug/cmTC_6ec38.build/Objects-normal/x86_64/src.o
warning: unknown warning option '-Wstack-usage=320000' [-Wunknown-warning-option]
1 warning generated.

Ld Debug/cmTC_6ec38 normal x86_64
    cd /Users/edward.shi/project/AOM/aom/build_xcode/CMakeFiles/CMakeTmp
    export MACOSX_DEPLOYMENT_TARGET=10.13
    /Applications/Xcode.app/Contents/Developer/Toolchains/XcodeDefault.xctoolchain/usr/bin/clang++ -arch x86_64 -isysroot /Applications/Xcode.app/Contents/Developer/Platforms/MacOSX.platform/Developer/SDKs/MacOSX10.13.sdk -L/Users/edward.shi/project/AOM/aom/build_xcode/CMakeFiles/CMakeTmp/Debug -F/Users/edward.shi/project/AOM/aom/build_xcode/CMakeFiles/CMakeTmp/Debug -filelist /Users/edward.shi/project/AOM/aom/build_xcode/CMakeFiles/CMakeTmp/CMAKE_TRY_COMPILE.build/Debug/cmTC_6ec38.build/Objects-normal/x86_64/cmTC_6ec38.LinkFileList -mmacosx-version-min=10.13 -Xlinker -object_path_lto -Xlinker /Users/edward.shi/project/AOM/aom/build_xcode/CMakeFiles/CMakeTmp/CMAKE_TRY_COMPILE.build/Debug/cmTC_6ec38.build/Objects-normal/x86_64/cmTC_6ec38_lto.o -Xlinker -no_deduplicate -Wl,-search_paths_first -Wl,-headerpad_max_install_names -lm -Xlinker -dependency_info -Xlinker /Users/edward.shi/project/AOM/aom/build_xcode/CMakeFiles/CMakeTmp/CMAKE_TRY_COMPILE.build/Debug/cmTC_6ec38.build/Objects-normal/x86_64/cmTC_6ec38_dependency_info.dat -o /Users/edward.shi/project/AOM/aom/build_xcode/CMakeFiles/CMakeTmp/Debug/cmTC_6ec38

** BUILD SUCCEEDED **


Source file was:
int main() { return 0; }
